<?xml version="1.0" encoding="UTF-8"?>
<testsuite xmlns:xsi="http://www.w3.org/2001/XMLSchema-instance" xsi:noNamespaceSchemaLocation="https://maven.apache.org/surefire/maven-surefire-plugin/xsd/surefire-test-report.xsd" name="TestSuite" time="134.352" tests="28" errors="0" skipped="22" failures="2">
  <properties>
[...]
</properties>
  <testcase name="verifyContactsPageLabel" classname="com.crm.qa.testcases.contactsPageTest" time="0.175"/>
  <testcase name="setup" classname="com.crm.qa.testcases.contactsPageTest" time="35.792">
    <failure message="timeout: Timed out receiving message from renderer: 20.000&#10;  (Session info: chrome=102.0.5005.115)&#10;Build info: version: &apos;4.3.0&apos;, revision: &apos;a4995e2c09*&apos;&#10;System info: host: &apos;JAYKAY&apos;, ip: &apos;192.168.1.35&apos;, os.name: &apos;Windows 11&apos;, os.arch: &apos;amd64&apos;, os.version: &apos;10.0&apos;, java.version: &apos;17.0.2&apos;&#10;Driver info: org.openqa.selenium.chrome.ChromeDriver&#10;Command: [f34ccfe7ff1a82fa25404ba8d74ece1c, clickElement {id=e0491ce0-c7ac-4460-9425-fa395dc11739}]&#10;Capabilities {acceptInsecureCerts: false, browserName: chrome, browserVersion: 102.0.5005.115, chrome: {chromedriverVersion: 102.0.5005.61 (0e59bcc00cc4..., userDataDir: C:\WINDOWS\TEMP\scoped_dir3...}, goog:chromeOptions: {debuggerAddress: localhost:53123}, networkConnectionEnabled: false, pageLoadStrategy: normal, platformName: WINDOWS, proxy: Proxy(), se:cdp: ws://localhost:53123/devtoo..., se:cdpVersion: 102.0.5005.115, setWindowRect: true, strictFileInteractability: false, timeouts: {implicit: 0, pageLoad: 300000, script: 30000}, unhandledPromptBehavior: dismiss and notify, webauthn:extension:credBlob: true, webauthn:extension:largeBlob: true, webauthn:virtualAuthenticators: true}&#10;Element: [[ChromeDriver: chrome on WINDOWS (f34ccfe7ff1a82fa25404ba8d74ece1c)] -&gt; xpath: //a[@title=&apos;Contacts&apos;]]&#10;Session ID: f34ccfe7ff1a82fa25404ba8d74ece1c" type="org.openqa.selenium.TimeoutException">org.openqa.selenium.TimeoutException: 
timeout: Timed out receiving message from renderer: 20.000
  (Session info: chrome=102.0.5005.115)
Build info: version: '4.3.0', revision: 'a4995e2c09*'
System info: host: 'JAYKAY', ip: '192.168.1.35', os.name: 'Windows 11', os.arch: 'amd64', os.version: '10.0', java.version: '17.0.2'
Driver info: org.openqa.selenium.chrome.ChromeDriver
Command: [f34ccfe7ff1a82fa25404ba8d74ece1c, clickElement {id=e0491ce0-c7ac-4460-9425-fa395dc11739}]
Capabilities {acceptInsecureCerts: false, browserName: chrome, browserVersion: 102.0.5005.115, chrome: {chromedriverVersion: 102.0.5005.61 (0e59bcc00cc4..., userDataDir: C:\WINDOWS\TEMP\scoped_dir3...}, goog:chromeOptions: {debuggerAddress: localhost:53123}, networkConnectionEnabled: false, pageLoadStrategy: normal, platformName: WINDOWS, proxy: Proxy(), se:cdp: ws://localhost:53123/devtoo..., se:cdpVersion: 102.0.5005.115, setWindowRect: true, strictFileInteractability: false, timeouts: {implicit: 0, pageLoad: 300000, script: 30000}, unhandledPromptBehavior: dismiss and notify, webauthn:extension:credBlob: true, webauthn:extension:largeBlob: true, webauthn:virtualAuthenticators: true}
Element: [[ChromeDriver: chrome on WINDOWS (f34ccfe7ff1a82fa25404ba8d74ece1c)] -> xpath: //a[@title='Contacts']]
Session ID: f34ccfe7ff1a82fa25404ba8d74ece1c
	at com.crm.qa.testcases.contactsPageTest.setup(contactsPageTest.java:41)
</failure>
    <system-out><![CDATA[Before navigating to: 'https://classic.crmpro.com/index.html'
Navigated to:'https://classic.crmpro.com/index.html'
Trying to find Element By : By.name: username
Found Element By : By.name: username
Trying to find Element By : By.name: password
Found Element By : By.name: password
Trying to find Element By : By.xpath: //input[@value='Login']
Found Element By : By.xpath: //input[@value='Login']
Trying to find Element By : By.xpath: //a[@title='Contacts']
Found Element By : By.xpath: //a[@title='Contacts']
Trying to click on: [[ChromeDriver: chrome on WINDOWS (f34ccfe7ff1a82fa25404ba8d74ece1c)] -> xpath: //a[@title='Contacts']]
Exception occured: org.openqa.selenium.TimeoutException: timeout: Timed out receiving message from renderer: 20.000
  (Session info: chrome=102.0.5005.115)
Build info: version: '4.3.0', revision: 'a4995e2c09*'
System info: host: 'JAYKAY', ip: '192.168.1.35', os.name: 'Windows 11', os.arch: 'amd64', os.version: '10.0', java.version: '17.0.2'
Driver info: org.openqa.selenium.chrome.ChromeDriver
Command: [f34ccfe7ff1a82fa25404ba8d74ece1c, clickElement {id=e0491ce0-c7ac-4460-9425-fa395dc11739}]
Capabilities {acceptInsecureCerts: false, browserName: chrome, browserVersion: 102.0.5005.115, chrome: {chromedriverVersion: 102.0.5005.61 (0e59bcc00cc4..., userDataDir: C:\WINDOWS\TEMP\scoped_dir3...}, goog:chromeOptions: {debuggerAddress: localhost:53123}, networkConnectionEnabled: false, pageLoadStrategy: normal, platformName: WINDOWS, proxy: Proxy(), se:cdp: ws://localhost:53123/devtoo..., se:cdpVersion: 102.0.5005.115, setWindowRect: true, strictFileInteractability: false, timeouts: {implicit: 0, pageLoad: 300000, script: 30000}, unhandledPromptBehavior: dismiss and notify, webauthn:extension:credBlob: true, webauthn:extension:largeBlob: true, webauthn:virtualAuthenticators: true}
Element: [[ChromeDriver: chrome on WINDOWS (f34ccfe7ff1a82fa25404ba8d74ece1c)] -> xpath: //a[@title='Contacts']]
Session ID: f34ccfe7ff1a82fa25404ba8d74ece1c
]]></system-out>
    <system-err><![CDATA[Starting ChromeDriver 102.0.5005.61 (0e59bcc00cc4985ce39ad31c150065f159d95ad3-refs/branch-heads/5005@{#819}) on port 63120
Only local connections are allowed.
Please see https://chromedriver.chromium.org/security-considerations for suggestions on keeping ChromeDriver safe.
ChromeDriver was started successfully.
Jul 10, 2022 9:23:00 PM org.openqa.selenium.remote.ProtocolHandshake createSession
INFO: Detected upstream dialect: W3C
Jul 10, 2022 9:23:00 PM org.openqa.selenium.devtools.CdpVersionFinder findNearestMatch
INFO: Found exact CDP implementation for version 102
[1657468412.313][SEVERE]: Timed out receiving message from renderer: 20.000
[1657468412.316][SEVERE]: Timed out receiving message from renderer: 20.000
]]></system-err>
  </testcase>
  <testcase name="setup" classname="com.crm.qa.testcases.contactsPageTest" time="0">
    <skipped/>
  </testcase>
  <testcase name="setup" classname="com.crm.qa.testcases.contactsPageTest" time="0">
    <skipped/>
  </testcase>
  <testcase name="setup" classname="com.crm.qa.testcases.contactsPageTest" time="0">
    <skipped/>
  </testcase>
  <testcase name="setup" classname="com.crm.qa.testcases.contactsPageTest" time="0">
    <skipped/>
  </testcase>
  <testcase name="selectContactsTest" classname="com.crm.qa.testcases.contactsPageTest" time="0">
    <skipped message="timeout: Timed out receiving message from renderer: 20.000&#10;  (Session info: chrome=102.0.5005.115)&#10;Build info: version: &apos;4.3.0&apos;, revision: &apos;a4995e2c09*&apos;&#10;System info: host: &apos;JAYKAY&apos;, ip: &apos;192.168.1.35&apos;, os.name: &apos;Windows 11&apos;, os.arch: &apos;amd64&apos;, os.version: &apos;10.0&apos;, java.version: &apos;17.0.2&apos;&#10;Driver info: org.openqa.selenium.chrome.ChromeDriver&#10;Command: [f34ccfe7ff1a82fa25404ba8d74ece1c, clickElement {id=e0491ce0-c7ac-4460-9425-fa395dc11739}]&#10;Capabilities {acceptInsecureCerts: false, browserName: chrome, browserVersion: 102.0.5005.115, chrome: {chromedriverVersion: 102.0.5005.61 (0e59bcc00cc4..., userDataDir: C:\WINDOWS\TEMP\scoped_dir3...}, goog:chromeOptions: {debuggerAddress: localhost:53123}, networkConnectionEnabled: false, pageLoadStrategy: normal, platformName: WINDOWS, proxy: Proxy(), se:cdp: ws://localhost:53123/devtoo..., se:cdpVersion: 102.0.5005.115, setWindowRect: true, strictFileInteractability: false, timeouts: {implicit: 0, pageLoad: 300000, script: 30000}, unhandledPromptBehavior: dismiss and notify, webauthn:extension:credBlob: true, webauthn:extension:largeBlob: true, webauthn:virtualAuthenticators: true}&#10;Element: [[ChromeDriver: chrome on WINDOWS (f34ccfe7ff1a82fa25404ba8d74ece1c)] -&gt; xpath: //a[@title=&apos;Contacts&apos;]]&#10;Session ID: f34ccfe7ff1a82fa25404ba8d74ece1c"/>
  </testcase>
  <testcase name="tearDown" classname="com.crm.qa.testcases.contactsPageTest" time="0">
    <skipped/>
  </testcase>
  <testcase name="tearDown" classname="com.crm.qa.testcases.contactsPageTest" time="0">
    <skipped/>
  </testcase>
  <testcase name="tearDown" classname="com.crm.qa.testcases.contactsPageTest" time="0">
    <skipped/>
  </testcase>
  <testcase name="tearDown" classname="com.crm.qa.testcases.contactsPageTest" time="0">
    <skipped/>
  </testcase>
  <testcase name="tearDown" classname="com.crm.qa.testcases.contactsPageTest" time="0">
    <skipped/>
  </testcase>
  <testcase name="selectMultipleContactsTest" classname="com.crm.qa.testcases.contactsPageTest" time="0">
    <skipped message="timeout: Timed out receiving message from renderer: 20.000&#10;  (Session info: chrome=102.0.5005.115)&#10;Build info: version: &apos;4.3.0&apos;, revision: &apos;a4995e2c09*&apos;&#10;System info: host: &apos;JAYKAY&apos;, ip: &apos;192.168.1.35&apos;, os.name: &apos;Windows 11&apos;, os.arch: &apos;amd64&apos;, os.version: &apos;10.0&apos;, java.version: &apos;17.0.2&apos;&#10;Driver info: org.openqa.selenium.chrome.ChromeDriver&#10;Command: [f34ccfe7ff1a82fa25404ba8d74ece1c, clickElement {id=e0491ce0-c7ac-4460-9425-fa395dc11739}]&#10;Capabilities {acceptInsecureCerts: false, browserName: chrome, browserVersion: 102.0.5005.115, chrome: {chromedriverVersion: 102.0.5005.61 (0e59bcc00cc4..., userDataDir: C:\WINDOWS\TEMP\scoped_dir3...}, goog:chromeOptions: {debuggerAddress: localhost:53123}, networkConnectionEnabled: false, pageLoadStrategy: normal, platformName: WINDOWS, proxy: Proxy(), se:cdp: ws://localhost:53123/devtoo..., se:cdpVersion: 102.0.5005.115, setWindowRect: true, strictFileInteractability: false, timeouts: {implicit: 0, pageLoad: 300000, script: 30000}, unhandledPromptBehavior: dismiss and notify, webauthn:extension:credBlob: true, webauthn:extension:largeBlob: true, webauthn:virtualAuthenticators: true}&#10;Element: [[ChromeDriver: chrome on WINDOWS (f34ccfe7ff1a82fa25404ba8d74ece1c)] -&gt; xpath: //a[@title=&apos;Contacts&apos;]]&#10;Session ID: f34ccfe7ff1a82fa25404ba8d74ece1c"/>
  </testcase>
  <testcase name="validateCreateNewContact" classname="com.crm.qa.testcases.contactsPageTest" time="0">
    <skipped message="timeout: Timed out receiving message from renderer: 20.000&#10;  (Session info: chrome=102.0.5005.115)&#10;Build info: version: &apos;4.3.0&apos;, revision: &apos;a4995e2c09*&apos;&#10;System info: host: &apos;JAYKAY&apos;, ip: &apos;192.168.1.35&apos;, os.name: &apos;Windows 11&apos;, os.arch: &apos;amd64&apos;, os.version: &apos;10.0&apos;, java.version: &apos;17.0.2&apos;&#10;Driver info: org.openqa.selenium.chrome.ChromeDriver&#10;Command: [f34ccfe7ff1a82fa25404ba8d74ece1c, clickElement {id=e0491ce0-c7ac-4460-9425-fa395dc11739}]&#10;Capabilities {acceptInsecureCerts: false, browserName: chrome, browserVersion: 102.0.5005.115, chrome: {chromedriverVersion: 102.0.5005.61 (0e59bcc00cc4..., userDataDir: C:\WINDOWS\TEMP\scoped_dir3...}, goog:chromeOptions: {debuggerAddress: localhost:53123}, networkConnectionEnabled: false, pageLoadStrategy: normal, platformName: WINDOWS, proxy: Proxy(), se:cdp: ws://localhost:53123/devtoo..., se:cdpVersion: 102.0.5005.115, setWindowRect: true, strictFileInteractability: false, timeouts: {implicit: 0, pageLoad: 300000, script: 30000}, unhandledPromptBehavior: dismiss and notify, webauthn:extension:credBlob: true, webauthn:extension:largeBlob: true, webauthn:virtualAuthenticators: true}&#10;Element: [[ChromeDriver: chrome on WINDOWS (f34ccfe7ff1a82fa25404ba8d74ece1c)] -&gt; xpath: //a[@title=&apos;Contacts&apos;]]&#10;Session ID: f34ccfe7ff1a82fa25404ba8d74ece1c"/>
  </testcase>
  <testcase name="validateCreateNewContact" classname="com.crm.qa.testcases.contactsPageTest" time="0">
    <skipped message="timeout: Timed out receiving message from renderer: 20.000&#10;  (Session info: chrome=102.0.5005.115)&#10;Build info: version: &apos;4.3.0&apos;, revision: &apos;a4995e2c09*&apos;&#10;System info: host: &apos;JAYKAY&apos;, ip: &apos;192.168.1.35&apos;, os.name: &apos;Windows 11&apos;, os.arch: &apos;amd64&apos;, os.version: &apos;10.0&apos;, java.version: &apos;17.0.2&apos;&#10;Driver info: org.openqa.selenium.chrome.ChromeDriver&#10;Command: [f34ccfe7ff1a82fa25404ba8d74ece1c, clickElement {id=e0491ce0-c7ac-4460-9425-fa395dc11739}]&#10;Capabilities {acceptInsecureCerts: false, browserName: chrome, browserVersion: 102.0.5005.115, chrome: {chromedriverVersion: 102.0.5005.61 (0e59bcc00cc4..., userDataDir: C:\WINDOWS\TEMP\scoped_dir3...}, goog:chromeOptions: {debuggerAddress: localhost:53123}, networkConnectionEnabled: false, pageLoadStrategy: normal, platformName: WINDOWS, proxy: Proxy(), se:cdp: ws://localhost:53123/devtoo..., se:cdpVersion: 102.0.5005.115, setWindowRect: true, strictFileInteractability: false, timeouts: {implicit: 0, pageLoad: 300000, script: 30000}, unhandledPromptBehavior: dismiss and notify, webauthn:extension:credBlob: true, webauthn:extension:largeBlob: true, webauthn:virtualAuthenticators: true}&#10;Element: [[ChromeDriver: chrome on WINDOWS (f34ccfe7ff1a82fa25404ba8d74ece1c)] -&gt; xpath: //a[@title=&apos;Contacts&apos;]]&#10;Session ID: f34ccfe7ff1a82fa25404ba8d74ece1c"/>
  </testcase>
  <testcase name="validateCreateNewContact" classname="com.crm.qa.testcases.contactsPageTest" time="0">
    <skipped message="timeout: Timed out receiving message from renderer: 20.000&#10;  (Session info: chrome=102.0.5005.115)&#10;Build info: version: &apos;4.3.0&apos;, revision: &apos;a4995e2c09*&apos;&#10;System info: host: &apos;JAYKAY&apos;, ip: &apos;192.168.1.35&apos;, os.name: &apos;Windows 11&apos;, os.arch: &apos;amd64&apos;, os.version: &apos;10.0&apos;, java.version: &apos;17.0.2&apos;&#10;Driver info: org.openqa.selenium.chrome.ChromeDriver&#10;Command: [f34ccfe7ff1a82fa25404ba8d74ece1c, clickElement {id=e0491ce0-c7ac-4460-9425-fa395dc11739}]&#10;Capabilities {acceptInsecureCerts: false, browserName: chrome, browserVersion: 102.0.5005.115, chrome: {chromedriverVersion: 102.0.5005.61 (0e59bcc00cc4..., userDataDir: C:\WINDOWS\TEMP\scoped_dir3...}, goog:chromeOptions: {debuggerAddress: localhost:53123}, networkConnectionEnabled: false, pageLoadStrategy: normal, platformName: WINDOWS, proxy: Proxy(), se:cdp: ws://localhost:53123/devtoo..., se:cdpVersion: 102.0.5005.115, setWindowRect: true, strictFileInteractability: false, timeouts: {implicit: 0, pageLoad: 300000, script: 30000}, unhandledPromptBehavior: dismiss and notify, webauthn:extension:credBlob: true, webauthn:extension:largeBlob: true, webauthn:virtualAuthenticators: true}&#10;Element: [[ChromeDriver: chrome on WINDOWS (f34ccfe7ff1a82fa25404ba8d74ece1c)] -&gt; xpath: //a[@title=&apos;Contacts&apos;]]&#10;Session ID: f34ccfe7ff1a82fa25404ba8d74ece1c"/>
  </testcase>
  <testcase name="setup" classname="com.crm.qa.testcases.homePageTest" time="23.763">
    <failure message="timeout: Timed out receiving message from renderer: 19.120&#10;  (Session info: chrome=102.0.5005.115)&#10;Build info: version: &apos;4.3.0&apos;, revision: &apos;a4995e2c09*&apos;&#10;System info: host: &apos;JAYKAY&apos;, ip: &apos;192.168.1.35&apos;, os.name: &apos;Windows 11&apos;, os.arch: &apos;amd64&apos;, os.version: &apos;10.0&apos;, java.version: &apos;17.0.2&apos;&#10;Driver info: org.openqa.selenium.chrome.ChromeDriver&#10;Command: [a46dbe129d21e05b755efa4551d88007, get {url=https://classic.crmpro.com/index.html}]&#10;Capabilities {acceptInsecureCerts: false, browserName: chrome, browserVersion: 102.0.5005.115, chrome: {chromedriverVersion: 102.0.5005.61 (0e59bcc00cc4..., userDataDir: C:\WINDOWS\TEMP\scoped_dir2...}, goog:chromeOptions: {debuggerAddress: localhost:53189}, networkConnectionEnabled: false, pageLoadStrategy: normal, platformName: WINDOWS, proxy: Proxy(), se:cdp: ws://localhost:53189/devtoo..., se:cdpVersion: 102.0.5005.115, setWindowRect: true, strictFileInteractability: false, timeouts: {implicit: 0, pageLoad: 300000, script: 30000}, unhandledPromptBehavior: dismiss and notify, webauthn:extension:credBlob: true, webauthn:extension:largeBlob: true, webauthn:virtualAuthenticators: true}&#10;Session ID: a46dbe129d21e05b755efa4551d88007" type="org.openqa.selenium.TimeoutException">org.openqa.selenium.TimeoutException: 
timeout: Timed out receiving message from renderer: 19.120
  (Session info: chrome=102.0.5005.115)
Build info: version: '4.3.0', revision: 'a4995e2c09*'
System info: host: 'JAYKAY', ip: '192.168.1.35', os.name: 'Windows 11', os.arch: 'amd64', os.version: '10.0', java.version: '17.0.2'
Driver info: org.openqa.selenium.chrome.ChromeDriver
Command: [a46dbe129d21e05b755efa4551d88007, get {url=https://classic.crmpro.com/index.html}]
Capabilities {acceptInsecureCerts: false, browserName: chrome, browserVersion: 102.0.5005.115, chrome: {chromedriverVersion: 102.0.5005.61 (0e59bcc00cc4..., userDataDir: C:\WINDOWS\TEMP\scoped_dir2...}, goog:chromeOptions: {debuggerAddress: localhost:53189}, networkConnectionEnabled: false, pageLoadStrategy: normal, platformName: WINDOWS, proxy: Proxy(), se:cdp: ws://localhost:53189/devtoo..., se:cdpVersion: 102.0.5005.115, setWindowRect: true, strictFileInteractability: false, timeouts: {implicit: 0, pageLoad: 300000, script: 30000}, unhandledPromptBehavior: dismiss and notify, webauthn:extension:credBlob: true, webauthn:extension:largeBlob: true, webauthn:virtualAuthenticators: true}
Session ID: a46dbe129d21e05b755efa4551d88007
	at com.crm.qa.testcases.homePageTest.setup(homePageTest.java:31)
</failure>
    <system-out><![CDATA[Before navigating to: 'https://classic.crmpro.com/index.html'
Exception occured: org.openqa.selenium.TimeoutException: timeout: Timed out receiving message from renderer: 19.120
  (Session info: chrome=102.0.5005.115)
Build info: version: '4.3.0', revision: 'a4995e2c09*'
System info: host: 'JAYKAY', ip: '192.168.1.35', os.name: 'Windows 11', os.arch: 'amd64', os.version: '10.0', java.version: '17.0.2'
Driver info: org.openqa.selenium.chrome.ChromeDriver
Command: [a46dbe129d21e05b755efa4551d88007, get {url=https://classic.crmpro.com/index.html}]
Capabilities {acceptInsecureCerts: false, browserName: chrome, browserVersion: 102.0.5005.115, chrome: {chromedriverVersion: 102.0.5005.61 (0e59bcc00cc4..., userDataDir: C:\WINDOWS\TEMP\scoped_dir2...}, goog:chromeOptions: {debuggerAddress: localhost:53189}, networkConnectionEnabled: false, pageLoadStrategy: normal, platformName: WINDOWS, proxy: Proxy(), se:cdp: ws://localhost:53189/devtoo..., se:cdpVersion: 102.0.5005.115, setWindowRect: true, strictFileInteractability: false, timeouts: {implicit: 0, pageLoad: 300000, script: 30000}, unhandledPromptBehavior: dismiss and notify, webauthn:extension:credBlob: true, webauthn:extension:largeBlob: true, webauthn:virtualAuthenticators: true}
Session ID: a46dbe129d21e05b755efa4551d88007
]]></system-out>
    <system-err><![CDATA[Starting ChromeDriver 102.0.5005.61 (0e59bcc00cc4985ce39ad31c150065f159d95ad3-refs/branch-heads/5005@{#819}) on port 57384
Only local connections are allowed.
Please see https://chromedriver.chromium.org/security-considerations for suggestions on keeping ChromeDriver safe.
ChromeDriver was started successfully.
Jul 10, 2022 9:23:38 PM org.openqa.selenium.remote.ProtocolHandshake createSession
INFO: Detected upstream dialect: W3C
Jul 10, 2022 9:23:38 PM org.openqa.selenium.devtools.CdpVersionFinder findNearestMatch
INFO: Found exact CDP implementation for version 102
[1657468438.455][SEVERE]: Timed out receiving message from renderer: 19.120
[1657468438.456][SEVERE]: Timed out receiving message from renderer: 19.120
]]></system-err>
  </testcase>
  <testcase name="setup" classname="com.crm.qa.testcases.homePageTest" time="0">
    <skipped/>
  </testcase>
  <testcase name="setup" classname="com.crm.qa.testcases.homePageTest" time="0">
    <skipped/>
  </testcase>
  <testcase name="verifyHomePageTitleTest" classname="com.crm.qa.testcases.homePageTest" time="0">
    <skipped message="timeout: Timed out receiving message from renderer: 19.120&#10;  (Session info: chrome=102.0.5005.115)&#10;Build info: version: &apos;4.3.0&apos;, revision: &apos;a4995e2c09*&apos;&#10;System info: host: &apos;JAYKAY&apos;, ip: &apos;192.168.1.35&apos;, os.name: &apos;Windows 11&apos;, os.arch: &apos;amd64&apos;, os.version: &apos;10.0&apos;, java.version: &apos;17.0.2&apos;&#10;Driver info: org.openqa.selenium.chrome.ChromeDriver&#10;Command: [a46dbe129d21e05b755efa4551d88007, get {url=https://classic.crmpro.com/index.html}]&#10;Capabilities {acceptInsecureCerts: false, browserName: chrome, browserVersion: 102.0.5005.115, chrome: {chromedriverVersion: 102.0.5005.61 (0e59bcc00cc4..., userDataDir: C:\WINDOWS\TEMP\scoped_dir2...}, goog:chromeOptions: {debuggerAddress: localhost:53189}, networkConnectionEnabled: false, pageLoadStrategy: normal, platformName: WINDOWS, proxy: Proxy(), se:cdp: ws://localhost:53189/devtoo..., se:cdpVersion: 102.0.5005.115, setWindowRect: true, strictFileInteractability: false, timeouts: {implicit: 0, pageLoad: 300000, script: 30000}, unhandledPromptBehavior: dismiss and notify, webauthn:extension:credBlob: true, webauthn:extension:largeBlob: true, webauthn:virtualAuthenticators: true}&#10;Session ID: a46dbe129d21e05b755efa4551d88007"/>
  </testcase>
  <testcase name="tearDown" classname="com.crm.qa.testcases.homePageTest" time="0">
    <skipped/>
  </testcase>
  <testcase name="tearDown" classname="com.crm.qa.testcases.homePageTest" time="0">
    <skipped/>
  </testcase>
  <testcase name="tearDown" classname="com.crm.qa.testcases.homePageTest" time="0">
    <skipped/>
  </testcase>
  <testcase name="verifyUserNameTest" classname="com.crm.qa.testcases.homePageTest" time="0">
    <skipped message="timeout: Timed out receiving message from renderer: 19.120&#10;  (Session info: chrome=102.0.5005.115)&#10;Build info: version: &apos;4.3.0&apos;, revision: &apos;a4995e2c09*&apos;&#10;System info: host: &apos;JAYKAY&apos;, ip: &apos;192.168.1.35&apos;, os.name: &apos;Windows 11&apos;, os.arch: &apos;amd64&apos;, os.version: &apos;10.0&apos;, java.version: &apos;17.0.2&apos;&#10;Driver info: org.openqa.selenium.chrome.ChromeDriver&#10;Command: [a46dbe129d21e05b755efa4551d88007, get {url=https://classic.crmpro.com/index.html}]&#10;Capabilities {acceptInsecureCerts: false, browserName: chrome, browserVersion: 102.0.5005.115, chrome: {chromedriverVersion: 102.0.5005.61 (0e59bcc00cc4..., userDataDir: C:\WINDOWS\TEMP\scoped_dir2...}, goog:chromeOptions: {debuggerAddress: localhost:53189}, networkConnectionEnabled: false, pageLoadStrategy: normal, platformName: WINDOWS, proxy: Proxy(), se:cdp: ws://localhost:53189/devtoo..., se:cdpVersion: 102.0.5005.115, setWindowRect: true, strictFileInteractability: false, timeouts: {implicit: 0, pageLoad: 300000, script: 30000}, unhandledPromptBehavior: dismiss and notify, webauthn:extension:credBlob: true, webauthn:extension:largeBlob: true, webauthn:virtualAuthenticators: true}&#10;Session ID: a46dbe129d21e05b755efa4551d88007"/>
  </testcase>
  <testcase name="verifyContactsLinkTest" classname="com.crm.qa.testcases.homePageTest" time="0">
    <skipped message="timeout: Timed out receiving message from renderer: 19.120&#10;  (Session info: chrome=102.0.5005.115)&#10;Build info: version: &apos;4.3.0&apos;, revision: &apos;a4995e2c09*&apos;&#10;System info: host: &apos;JAYKAY&apos;, ip: &apos;192.168.1.35&apos;, os.name: &apos;Windows 11&apos;, os.arch: &apos;amd64&apos;, os.version: &apos;10.0&apos;, java.version: &apos;17.0.2&apos;&#10;Driver info: org.openqa.selenium.chrome.ChromeDriver&#10;Command: [a46dbe129d21e05b755efa4551d88007, get {url=https://classic.crmpro.com/index.html}]&#10;Capabilities {acceptInsecureCerts: false, browserName: chrome, browserVersion: 102.0.5005.115, chrome: {chromedriverVersion: 102.0.5005.61 (0e59bcc00cc4..., userDataDir: C:\WINDOWS\TEMP\scoped_dir2...}, goog:chromeOptions: {debuggerAddress: localhost:53189}, networkConnectionEnabled: false, pageLoadStrategy: normal, platformName: WINDOWS, proxy: Proxy(), se:cdp: ws://localhost:53189/devtoo..., se:cdpVersion: 102.0.5005.115, setWindowRect: true, strictFileInteractability: false, timeouts: {implicit: 0, pageLoad: 300000, script: 30000}, unhandledPromptBehavior: dismiss and notify, webauthn:extension:credBlob: true, webauthn:extension:largeBlob: true, webauthn:virtualAuthenticators: true}&#10;Session ID: a46dbe129d21e05b755efa4551d88007"/>
  </testcase>
  <testcase name="loginPageTitleTest" classname="com.crm.qa.testcases.loginPageTest" time="0.035"/>
  <testcase name="crmLogoImageTest" classname="com.crm.qa.testcases.loginPageTest" time="0.164"/>
  <testcase name="loginTest" classname="com.crm.qa.testcases.loginPageTest" time="7.066"/>
</testsuite>